<?xml version="1.0" encoding="utf-8"?><testsuites><testsuite name="pytest" errors="0" failures="2" skipped="4" tests="101" time="779.527" timestamp="2021-12-08T15:46:27.420375" hostname="ip-192-168-1-81.us-west-2.compute.internal"><testcase classname="tests.test_annotation" name="test_reprs" time="0.002" /><testcase classname="tests.test_annotation" name="test_box_gt_upload" time="10.018" /><testcase classname="tests.test_annotation" name="test_polygon_gt_upload" time="5.976" /><testcase classname="tests.test_annotation" name="test_category_gt_upload" time="5.297" /><testcase classname="tests.test_annotation" name="test_default_category_gt_upload" time="6.303" /><testcase classname="tests.test_annotation" name="test_multicategory_gt_upload" time="7.907" /><testcase classname="tests.test_annotation" name="test_default_multicategory_gt_upload" time="4.358" /><testcase classname="tests.test_annotation" name="test_single_semseg_gt_upload" time="5.444" /><testcase classname="tests.test_annotation" name="test_batch_semseg_gt_upload" time="5.555" /><testcase classname="tests.test_annotation" name="test_batch_semseg_gt_upload_ignore" time="9.708" /><testcase classname="tests.test_annotation" name="test_batch_semseg_gt_upload_update" time="9.236" /><testcase classname="tests.test_annotation" name="test_mixed_annotation_upload" time="6.264" /><testcase classname="tests.test_annotation" name="test_box_gt_upload_update" time="4.832" /><testcase classname="tests.test_annotation" name="test_box_gt_upload_ignore" time="5.310" /><testcase classname="tests.test_annotation" name="test_polygon_gt_upload_update" time="5.928" /><testcase classname="tests.test_annotation" name="test_polygon_gt_upload_ignore" time="4.392" /><testcase classname="tests.test_annotation" name="test_category_gt_upload_update" time="4.331" /><testcase classname="tests.test_annotation" name="test_category_gt_upload_ignore" time="4.356" /><testcase classname="tests.test_annotation" name="test_default_category_gt_upload_update" time="6.563" /><testcase classname="tests.test_annotation" name="test_default_category_gt_upload_ignore" time="6.160" /><testcase classname="tests.test_annotation" name="test_multicategory_gt_upload_update" time="4.658" /><testcase classname="tests.test_annotation" name="test_multicategory_gt_upload_ignore" time="5.075" /><testcase classname="tests.test_annotation" name="test_default_multicategory_gt_upload_update" time="5.200" /><testcase classname="tests.test_annotation" name="test_default_multicategory_gt_upload_ignore" time="4.722" /><testcase classname="tests.test_annotation" name="test_box_gt_deletion" time="9.723" /><testcase classname="tests.test_annotation" name="test_category_gt_deletion" time="15.881" /><testcase classname="tests.test_annotation" name="test_multicategory_gt_deletion" time="10.870" /><testcase classname="tests.test_annotation" name="test_default_category_gt_upload_async" time="70.286" /><testcase classname="tests.test_autocurate" name="test_autocurate_integration" time="35.836" /><testcase classname="tests.test_autotag" name="test_update_autotag" time="0.001" /><testcase classname="tests.test_autotag" name="test_dataset_export_autotag_training_items" time="0.001" /><testcase classname="tests.test_autotag" name="test_export_embeddings" time="0.000" /><testcase classname="tests.test_autotag" name="test_dataset_export_autotag_tagged_items" time="0.001" /><testcase classname="tests.test_autotag" name="test_export_slice_embeddings" time="0.000" /><testcase classname="tests.test_dataset" name="test_dataset_create_and_delete" time="1.324" /><testcase classname="tests.test_dataset" name="test_dataset_update_metadata_local" time="1.835" /><testcase classname="tests.test_dataset" name="test_dataset_update_metadata" time="8.533" /><testcase classname="tests.test_dataset" name="test_dataset_append" time="4.843" /><testcase classname="tests.test_dataset" name="test_dataset_name_access" time="3.384" /><testcase classname="tests.test_dataset" name="test_dataset_size_access" time="7.228" /><testcase classname="tests.test_dataset" name="test_dataset_model_runs_access" time="1.354" /><testcase classname="tests.test_dataset" name="test_dataset_slices" time="6.686" /><testcase classname="tests.test_dataset" name="test_dataset_append_local" time="4.227" /><testcase classname="tests.test_dataset" name="test_dataset_append_async" time="12.178" /><testcase classname="tests.test_dataset" name="test_dataset_append_async_with_local_path" time="2.468" /><testcase classname="tests.test_dataset" name="test_dataset_append_async_with_1_bad_url" time="32.490" /><testcase classname="tests.test_dataset" name="test_dataset_list_autotags" time="4.966" /><testcase classname="tests.test_dataset" name="test_raises_error_for_duplicate" time="0.001" /><testcase classname="tests.test_dataset" name="test_annotate_async" time="38.735" /><testcase classname="tests.test_dataset" name="test_annotate_async_with_error" time="35.805" /><testcase classname="tests.test_dataset" name="test_append_with_special_chars" time="2.019" /><testcase classname="tests.test_dataset" name="test_append_and_export" time="4.369" /><testcase classname="tests.test_indexing" name="test_index_integration" time="4.166" /><testcase classname="tests.test_indexing" name="test_generate_image_index_integration" time="0.000"><skipped type="pytest.skip" message="Times out consistently">/Users/drakewong/nucleus-python-client/tests/test_indexing.py:55: Times out consistently</skipped></testcase><testcase classname="tests.test_jobs" name="test_reprs" time="0.001" /><testcase classname="tests.test_jobs" name="test_job_creation_and_listing" time="0.259" /><testcase classname="tests.test_models" name="test_reprs" time="0.001" /><testcase classname="tests.test_models" name="test_model_creation_and_listing" time="5.044" /><testcase classname="tests.test_models" name="test_new_model_endpoints" time="7.248" /><testcase classname="tests.test_prediction" name="test_reprs" time="0.002" /><testcase classname="tests.test_prediction" name="test_box_pred_upload" time="4.332" /><testcase classname="tests.test_prediction" name="test_polygon_pred_upload" time="2.888" /><testcase classname="tests.test_prediction" name="test_category_pred_upload" time="78.334" /><testcase classname="tests.test_prediction" name="test_default_category_pred_upload" time="3.017" /><testcase classname="tests.test_prediction" name="test_segmentation_pred_upload" time="3.373" /><testcase classname="tests.test_prediction" name="test_segmentation_pred_upload_ignore" time="4.765" /><testcase classname="tests.test_prediction" name="test_box_pred_upload_update" time="2.864" /><testcase classname="tests.test_prediction" name="test_box_pred_upload_ignore" time="7.371" /><testcase classname="tests.test_prediction" name="test_polygon_pred_upload_update" time="4.862" /><testcase classname="tests.test_prediction" name="test_polygon_pred_upload_ignore" time="3.600" /><testcase classname="tests.test_prediction" name="test_category_pred_upload_update" time="2.881" /><testcase classname="tests.test_prediction" name="test_category_pred_upload_ignore" time="2.443" /><testcase classname="tests.test_prediction" name="test_default_category_pred_upload_update" time="2.475" /><testcase classname="tests.test_prediction" name="test_default_category_pred_upload_ignore" time="2.449" /><testcase classname="tests.test_prediction" name="test_mixed_pred_upload" time="4.337" /><testcase classname="tests.test_prediction" name="test_mixed_pred_upload_async" time="34.282" /><testcase classname="tests.test_prediction" name="test_mixed_pred_upload_async_with_error" time="30.156" /><testcase classname="tests.test_prediction" name="test_default_category_pred_upload_async" time="29.173" /><testcase classname="tests.test_public_datasets" name="test_get_pandaset_items" time="1.389" /><testcase classname="tests.test_scene" name="test_frame_add_item" time="0.001" /><testcase classname="tests.test_scene" name="test_scene_from_json" time="0.001" /><testcase classname="tests.test_scene" name="test_scene_property_methods" time="0.000" /><testcase classname="tests.test_scene" name="test_scene_add_item" time="0.000" /><testcase classname="tests.test_scene" name="test_scene_add_frame" time="0.000" /><testcase classname="tests.test_scene" name="test_scene_upload_sync" time="0.000"><skipped type="pytest.skip" message="Deactivated sync upload for scenes">/Users/drakewong/nucleus-python-client/tests/test_scene.py:248: Deactivated sync upload for scenes</skipped></testcase><testcase classname="tests.test_scene" name="test_scene_and_cuboid_upload_sync" time="0.000"><skipped type="pytest.skip" message="Deactivated sync upload for scenes">/Users/drakewong/nucleus-python-client/tests/test_scene.py:269: Deactivated sync upload for scenes</skipped></testcase><testcase classname="tests.test_scene" name="test_scene_upload_async" time="17.503" /><testcase classname="tests.test_slice" name="test_reprs" time="0.001" /><testcase classname="tests.test_slice" name="test_slice_create_and_delete_and_list" time="7.793" /><testcase classname="tests.test_slice" name="test_slice_create_and_export" time="2.442" /><testcase classname="tests.test_slice" name="test_slice_append" time="3.810" /><testcase classname="tests.test_slice" name="test_slice_send_to_labeling" time="0.000"><skipped type="pytest.skip" message="404 not found error">/Users/drakewong/nucleus-python-client/tests/test_slice.py:160: 404 not found error</skipped></testcase><testcase classname="tests.test_taxonomy" name="test_add_taxonomy" time="0.528" /><testcase classname="tests.test_upload_response" name="test_reprs" time="0.001" /><testcase classname="tests.test_utils" name="test_serialize" time="0.001" /><testcase classname="tests.modelci.test_eval_function" name="test_list_eval_functions" time="0.134"><failure message="nucleus.modelci.errors.EvalFunctionNotAvailableError: Eval function 'IOU' is not available to the current user. Is Model CI enabled for the user?">CLIENT = NucleusClient(api_key='test_a0453d259e5e4ef7b4b6009b441b0c24', use_notebook=False, endpoint='https://api.scale.com/v1/nucleus')

    def test_list_eval_functions(CLIENT):
        eval_functions = CLIENT.modelci.eval_functions
&gt;       criteria = eval_functions.iou() &gt; 0.5

tests/modelci/test_eval_function.py:6: 
_ _ _ _ _ _ _ _ _ _ _ _ _ _ _ _ _ _ _ _ _ _ _ _ _ _ _ _ _ _ _ _ _ _ _ _ _ _ _ _ _ _ _ _ _ _ _ _ _ _ _ _ _ _ _ _ _ _ _ _ _ _ _ _ _ _ _ _ 
nucleus/modelci/eval_functions/available_eval_functions.py:75: in __call__
    self._raise_error()
_ _ _ _ _ _ _ _ _ _ _ _ _ _ _ _ _ _ _ _ _ _ _ _ _ _ _ _ _ _ _ _ _ _ _ _ _ _ _ _ _ _ _ _ _ _ _ _ _ _ _ _ _ _ _ _ _ _ _ _ _ _ _ _ _ _ _ _ 

self = &lt;[AttributeError("'EvalFunctionNotAvailable' object has no attribute 'name'") raised in repr()] EvalFunctionNotAvailable object at 0x103fe6520&gt;

    def _raise_error(self):
&gt;       raise EvalFunctionNotAvailableError(
            f"Eval function '{self.not_available_name}' is not available to the current user. "
            f"Is Model CI enabled for the user?"
        )
E       nucleus.modelci.errors.EvalFunctionNotAvailableError: Eval function 'IOU' is not available to the current user. Is Model CI enabled for the user?

nucleus/modelci/eval_functions/available_eval_functions.py:81: EvalFunctionNotAvailableError</failure></testcase><testcase classname="tests.modelci.test_unit_test" name="test_unit_test_metric_creation" time="6.913" /><testcase classname="tests.modelci.test_unit_test" name="test_list_unit_test" time="6.572"><failure message="nucleus.modelci.errors.EvalFunctionNotAvailableError: Eval function 'IOU' is not available to the current user. Is Model CI enabled for the user?">CLIENT = NucleusClient(api_key='test_a0453d259e5e4ef7b4b6009b441b0c24', use_notebook=False, endpoint='https://api.scale.com/v1/nucleus')
test_slice = Slice(slice_id='slc_c6rmde5y6s8005rh25mg', client=NucleusClient(api_key='test_a0453d259e5e4ef7b4b6009b441b0c24', use_notebook=False, endpoint='https://api.scale.com/v1/nucleus'))

    def test_list_unit_test(CLIENT, test_slice):
        test_name = "unit_test_" + get_uuid()  # use uuid to make unique
    
        e = CLIENT.modelci.eval_functions
        unit_test = CLIENT.modelci.create_unit_test(
            name=test_name,
            slice_id=test_slice.id,
&gt;           evaluation_criteria=[e.iou() &gt; 0.5],
        )

tests/modelci/test_unit_test.py:35: 
_ _ _ _ _ _ _ _ _ _ _ _ _ _ _ _ _ _ _ _ _ _ _ _ _ _ _ _ _ _ _ _ _ _ _ _ _ _ _ _ _ _ _ _ _ _ _ _ _ _ _ _ _ _ _ _ _ _ _ _ _ _ _ _ _ _ _ _ 
nucleus/modelci/eval_functions/available_eval_functions.py:75: in __call__
    self._raise_error()
_ _ _ _ _ _ _ _ _ _ _ _ _ _ _ _ _ _ _ _ _ _ _ _ _ _ _ _ _ _ _ _ _ _ _ _ _ _ _ _ _ _ _ _ _ _ _ _ _ _ _ _ _ _ _ _ _ _ _ _ _ _ _ _ _ _ _ _ 

self = &lt;[AttributeError("'EvalFunctionNotAvailable' object has no attribute 'name'") raised in repr()] EvalFunctionNotAvailable object at 0x1044a1340&gt;

    def _raise_error(self):
&gt;       raise EvalFunctionNotAvailableError(
            f"Eval function '{self.not_available_name}' is not available to the current user. "
            f"Is Model CI enabled for the user?"
        )
E       nucleus.modelci.errors.EvalFunctionNotAvailableError: Eval function 'IOU' is not available to the current user. Is Model CI enabled for the user?

nucleus/modelci/eval_functions/available_eval_functions.py:81: EvalFunctionNotAvailableError</failure></testcase><testcase classname="tests.modelci.test_unit_test" name="test_unit_test_items" time="7.627" /><testcase classname="tests.modelci.test_unit_test" name="test_no_criteria_raises_error" time="9.856" /><testcase classname="tests.modelci.test_unit_test_evaluation" name="test_unit_test_evaluation" time="21.036" /></testsuite></testsuites>